#
# A fatal error has been detected by the Java Runtime Environment:
#
#  Internal Error (./open/src/hotspot/share/utilities/constantTag.cpp:65), pid=10188, tid=21880
#  Error: ShouldNotReachHere()
#
# JRE version: Java(TM) SE Runtime Environment 18.9 (11.0.12+8) (build 11.0.12+8-LTS-237)
# Java VM: Java HotSpot(TM) 64-Bit Server VM 18.9 (11.0.12+8-LTS-237, mixed mode, tiered, compressed oops, g1 gc, windows-amd64)
# No core dump will be written. Minidumps are not enabled by default on client versions of Windows
#
# If you would like to submit a bug report, please visit:
#   https://bugreport.java.com/bugreport/crash.jsp
#

---------------  S U M M A R Y ------------

Command Line: -agentlib:jdwp=transport=dt_socket,suspend=y,address=localhost:6428 -Dcom.sun.management.jmxremote -Dcom.sun.management.jmxremote.port=6426 -Dcom.sun.management.jmxremote.authenticate=false -Dcom.sun.management.jmxremote.ssl=false -Djava.rmi.server.hostname=localhost -Dspring.jmx.enabled=true -Dspring.liveBeansView.mbeanDomain -Dspring.application.admin.enabled=true -Xverify:none -XX:TieredStopAtLevel=1 -Dspring.boot.project.name=S202200604 -javaagent:C:\spring\sts3.9.14\sts-bundle\sts-3.9.14.RELEASE\configuration\org.eclipse.osgi\310\0\.cp\lib\javaagent-shaded.jar -Dfile.encoding=UTF-8 com.oracle.S20220604.S20220604Application --spring.output.ansi.enabled=always

Host: 12th Gen Intel(R) Core(TM) i7-12700H, 20 cores, 15G,  Windows 10 , 64 bit Build 22000 (10.0.22000.675)
Time: Wed Jun 15 23:46:05 2022 대한민국 표준시 elapsed time: 587.866605 seconds (0d 0h 9m 47s)

---------------  T H R E A D  ---------------

Current thread (0x000002211e16b000):  VMThread "VM Thread" [stack: 0x000000880b800000,0x000000880b900000] [id=21880]

Stack: [0x000000880b800000,0x000000880b900000]
[error occurred during error reporting (printing stack bounds), id 0xc0000005, EXCEPTION_ACCESS_VIOLATION (0xc0000005) at pc=0x00000221083e0f2d]

Native frames: (J=compiled Java code, j=interpreted, Vv=VM code, C=native code)
V  [jvm.dll+0x617d9a]
V  [jvm.dll+0x74eeef]
V  [jvm.dll+0x750599]
V  [jvm.dll+0x750b85]
V  [jvm.dll+0x750b3b]
V  [jvm.dll+0x6175d3]
V  [jvm.dll+0x617998]
C  [ntdll.dll+0xa8e4f]
C  [ntdll.dll+0x35e9a]
C  [ntdll.dll+0xa7e5e]
C  0x00000221083e0f2d

VM_Operation (0x000000880c1ff3f0): GetOrSetLocal, mode: safepoint, requested by thread 0x000002211ec9b000


---------------  P R O C E S S  ---------------

Threads class SMR info:
_java_thread_list=0x000002211f7cbc80, length=33, elements={
0x000002211e16c800, 0x000002211e16d800, 0x000002211ea82000, 0x000002211ea83000,
0x000002211ea86000, 0x000002211ea93800, 0x000002211eab8000, 0x000002211e125800,
0x000002211ec9b000, 0x000002211ec9e000, 0x000002211ec9e800, 0x000002211f65c000,
0x000002211f629800, 0x000002211f645000, 0x00000221223a7000, 0x00000221223b9000,
0x00000221223bb800, 0x0000022122560800, 0x000002212266e000, 0x00000221227d1800,
0x00000221227d3000, 0x00000221227cd800, 0x00000221227d0800, 0x00000221227d4000,
0x00000221227cf000, 0x00000221227ce000, 0x00000221227cf800, 0x0000022122ecc800,
0x0000022122ecd800, 0x0000022122ece000, 0x0000022122ecf000, 0x0000022122ec9800,
0x0000022122ecb800
}

Java Threads: ( => current thread )
  0x000002211e16c800 JavaThread "Reference Handler" daemon [_thread_blocked, id=19144, stack(0x000000880b900000,0x000000880ba00000)]
  0x000002211e16d800 JavaThread "Finalizer" daemon [_thread_blocked, id=3572, stack(0x000000880ba00000,0x000000880bb00000)]
  0x000002211ea82000 JavaThread "Signal Dispatcher" daemon [_thread_blocked, id=15740, stack(0x000000880bb00000,0x000000880bc00000)]
  0x000002211ea83000 JavaThread "Attach Listener" daemon [_thread_blocked, id=17660, stack(0x000000880bc00000,0x000000880bd00000)]
  0x000002211ea86000 JavaThread "Service Thread" daemon [_thread_blocked, id=8160, stack(0x000000880bd00000,0x000000880be00000)]
  0x000002211ea93800 JavaThread "C1 CompilerThread0" daemon [_thread_blocked, id=31952, stack(0x000000880be00000,0x000000880bf00000)]
  0x000002211eab8000 JavaThread "Sweeper thread" daemon [_thread_blocked, id=31516, stack(0x000000880bf00000,0x000000880c000000)]
  0x000002211e125800 JavaThread "Common-Cleaner" daemon [_thread_blocked, id=22156, stack(0x000000880c000000,0x000000880c100000)]
  0x000002211ec9b000 JavaThread "JDWP Transport Listener: dt_socket" daemon [_thread_blocked, id=10464, stack(0x000000880c100000,0x000000880c200000)] _threads_hazard_ptr=0x000002211f7cbc80
  0x000002211ec9e000 JavaThread "JDWP Event Helper Thread" daemon [_thread_blocked, id=5236, stack(0x000000880c200000,0x000000880c300000)]
  0x000002211ec9e800 JavaThread "JDWP Command Reader" daemon [_thread_in_native, id=33668, stack(0x000000880c300000,0x000000880c400000)]
  0x000002211f65c000 JavaThread "RMI TCP Accept-0" daemon [_thread_in_native, id=12280, stack(0x000000880c400000,0x000000880c500000)]
  0x000002211f629800 JavaThread "RMI TCP Accept-6426" daemon [_thread_in_native, id=24496, stack(0x000000880c500000,0x000000880c600000)]
  0x000002211f645000 JavaThread "RMI TCP Accept-0" daemon [_thread_in_native, id=12452, stack(0x000000880c600000,0x000000880c700000)]
  0x00000221223a7000 JavaThread "Catalina-utility-1" [_thread_blocked, id=32776, stack(0x000000880d000000,0x000000880d100000)]
  0x00000221223b9000 JavaThread "Catalina-utility-2" [_thread_blocked, id=34208, stack(0x000000880d100000,0x000000880d200000)]
  0x00000221223bb800 JavaThread "container-0" [_thread_blocked, id=18700, stack(0x000000880d200000,0x000000880d300000)]
  0x0000022122560800 JavaThread "oracle.jdbc.driver.BlockSource.ThreadedCachingBlockSource.BlockReleaser" daemon [_thread_blocked, id=3492, stack(0x000000880d300000,0x000000880d400000)]
  0x000002212266e000 JavaThread "InterruptTimer" daemon [_thread_blocked, id=9512, stack(0x000000880d600000,0x000000880d700000)]
  0x00000221227d1800 JavaThread "HikariPool-1 housekeeper" daemon [_thread_blocked, id=30340, stack(0x000000880d800000,0x000000880d900000)]
  0x00000221227d3000 JavaThread "http-nio-8989-exec-1" daemon [_thread_blocked, id=34756, stack(0x000000880da00000,0x000000880db00000)]
  0x00000221227cd800 JavaThread "http-nio-8989-exec-2" daemon [_thread_blocked, id=3960, stack(0x000000880db00000,0x000000880dc00000)]
  0x00000221227d0800 JavaThread "http-nio-8989-exec-3" daemon [_thread_blocked, id=31128, stack(0x000000880dc00000,0x000000880dd00000)]
  0x00000221227d4000 JavaThread "http-nio-8989-exec-4" daemon [_thread_blocked, id=33092, stack(0x000000880dd00000,0x000000880de00000)]
  0x00000221227cf000 JavaThread "http-nio-8989-exec-5" daemon [_thread_blocked, id=26172, stack(0x000000880de00000,0x000000880df00000)]
  0x00000221227ce000 JavaThread "http-nio-8989-exec-6" daemon [_thread_blocked, id=34540, stack(0x000000880df00000,0x000000880e000000)]
  0x00000221227cf800 JavaThread "http-nio-8989-exec-7" daemon [_thread_blocked, id=31536, stack(0x000000880e000000,0x000000880e100000)]
  0x0000022122ecc800 JavaThread "http-nio-8989-exec-8" daemon [_thread_blocked, id=19048, stack(0x000000880e100000,0x000000880e200000)]
  0x0000022122ecd800 JavaThread "http-nio-8989-exec-9" daemon [_thread_blocked, id=32772, stack(0x000000880e200000,0x000000880e300000)]
  0x0000022122ece000 JavaThread "http-nio-8989-exec-10" daemon [_thread_blocked, id=27164, stack(0x000000880e300000,0x000000880e400000)]
  0x0000022122ecf000 JavaThread "http-nio-8989-Poller" daemon [_thread_in_native, id=11160, stack(0x000000880e400000,0x000000880e500000)]
  0x0000022122ec9800 JavaThread "http-nio-8989-Acceptor" daemon [_thread_in_native, id=24380, stack(0x000000880e500000,0x000000880e600000)]
  0x0000022122ecb800 JavaThread "DestroyJavaVM" [_thread_blocked, id=31144, stack(0x000000880b200000,0x000000880b300000)]

Other Threads:
=>0x000002211e16b000 VMThread "VM Thread" [stack: 0x000000880b800000,0x000000880b900000] [id=21880]
  0x000002211f68a000 WatcherThread [stack: 0x000000880c700000,0x000000880c800000] [id=27348]
  0x00000221798d0800 GCTaskThread "GC Thread#0" [stack: 0x000000880b300000,0x000000880b400000] [id=33860]
  0x000002211f811800 GCTaskThread "GC Thread#1" [stack: 0x000000880c800000,0x000000880c900000] [id=7616]
  0x000002211f6ba800 GCTaskThread "GC Thread#2" [stack: 0x000000880c900000,0x000000880ca00000] [id=3128]
  0x000002211f6bb000 GCTaskThread "GC Thread#3" [stack: 0x000000880ca00000,0x000000880cb00000] [id=22136]
  0x000002211f821000 GCTaskThread "GC Thread#4" [stack: 0x000000880cb00000,0x000000880cc00000] [id=30064]
  0x000002211f83b000 GCTaskThread "GC Thread#5" [stack: 0x000000880cc00000,0x000000880cd00000] [id=6824]
  0x000002212266b800 GCTaskThread "GC Thread#6" [stack: 0x000000880d400000,0x000000880d500000] [id=20500]
  0x000002212266c000 GCTaskThread "GC Thread#7" [stack: 0x000000880d500000,0x000000880d600000] [id=27100]
  0x000002217992e000 ConcurrentGCThread "G1 Main Marker" [stack: 0x000000880b400000,0x000000880b500000] [id=6660]
  0x0000022179931000 ConcurrentGCThread "G1 Conc#0" [stack: 0x000000880b500000,0x000000880b600000] [id=30444]
  0x000002212047f800 ConcurrentGCThread "G1 Conc#1" [stack: 0x000000880cd00000,0x000000880ce00000] [id=5412]
  0x0000022120482000 ConcurrentGCThread "G1 Conc#2" [stack: 0x000000880ce00000,0x000000880cf00000] [id=5000]
  0x000002212039b000 ConcurrentGCThread "G1 Conc#3" [stack: 0x000000880cf00000,0x000000880d000000] [id=11912]
  0x000002211e054000 ConcurrentGCThread "G1 Refine#0" [stack: 0x000000880b600000,0x000000880b700000] [id=20472]
  0x000002211e054800 ConcurrentGCThread "G1 Young RemSet Sampling" [stack: 0x000000880b700000,0x000000880b800000] [id=27248]

Threads with active compile tasks:

VM state:at safepoint (normal execution)

VM Mutex/Monitor currently owned by a thread:  ([mutex/lock_event])
[0x00000221798b5920] Threads_lock - owner thread: 0x000002211e16b000

Heap address: 0x0000000705200000, size: 4014 MB, Compressed Oops mode: Zero based, Oop shift amount: 3
Narrow klass base: 0x0000000800000000, Narrow klass shift: 0
Compressed class space size: 1073741824 Address: 0x0000000800000000

Heap:
 garbage-first heap   total 310272K, used 151442K [0x0000000705200000, 0x0000000800000000)
  region size 1024K, 140 young (143360K), 16 survivors (16384K)
 Metaspace       used 74797K, capacity 76769K, committed 76832K, reserved 1116160K
  class space    used 9112K, capacity 9850K, committed 9856K, reserved 1048576K
Heap Regions: E=young(eden), S=young(survivor), O=old, HS=humongous(starts), HC=humongous(continues), CS=collection set, F=free, A=archive, TAMS=top-at-mark-start (previous, next)
|   0|0x0000000705200000, 0x0000000705300000, 0x0000000705300000|100%|HS|  |TAMS 0x0000000705300000, 0x0000000705200000| Complete 
|   1|0x0000000705300000, 0x0000000705400000, 0x0000000705400000|100%| O|  |TAMS 0x0000000705400000, 0x0000000705300000| Untracked 
|   2|0x0000000705400000, 0x0000000705500000, 0x0000000705500000|100%| O|  |TAMS 0x0000000705500000, 0x0000000705400000| Untracked 
|   3|0x0000000705500000, 0x0000000705600000, 0x0000000705600000|100%| O|  |TAMS 0x0000000705600000, 0x0000000705500000| Untracked 
|   4|0x0000000705600000, 0x0000000705700000, 0x0000000705700000|100%| O|  |TAMS 0x0000000705700000, 0x0000000705600000| Untracked 
|   5|0x0000000705700000, 0x0000000705800000, 0x0000000705800000|100%| O|  |TAMS 0x0000000705800000, 0x0000000705700000| Untracked 
|   6|0x0000000705800000, 0x0000000705900000, 0x0000000705900000|100%| O|  |TAMS 0x0000000705900000, 0x0000000705800000| Untracked 
|   7|0x0000000705900000, 0x0000000705a00000, 0x0000000705a00000|100%| O|  |TAMS 0x0000000705941600, 0x0000000705900000| Untracked 
|   8|0x0000000705a00000, 0x0000000705b00000, 0x0000000705b00000|100%| O|  |TAMS 0x0000000705a00000, 0x0000000705a00000| Untracked 
|   9|0x0000000705b00000, 0x0000000705c00000, 0x0000000705c00000|100%| O|  |TAMS 0x0000000705b00000, 0x0000000705b00000| Untracked 
|  10|0x0000000705c00000, 0x0000000705c33e00, 0x0000000705d00000| 20%| O|  |TAMS 0x0000000705c00000, 0x0000000705c00000| Untracked 
|  11|0x0000000705d00000, 0x0000000705d00000, 0x0000000705e00000|  0%| F|  |TAMS 0x0000000705d00000, 0x0000000705d00000| Untracked 
|  12|0x0000000705e00000, 0x0000000705e00000, 0x0000000705f00000|  0%| F|  |TAMS 0x0000000705e00000, 0x0000000705e00000| Untracked 
|  13|0x0000000705f00000, 0x0000000705f00000, 0x0000000706000000|  0%| F|  |TAMS 0x0000000705f00000, 0x0000000705f00000| Untracked 
|  14|0x0000000706000000, 0x0000000706000000, 0x0000000706100000|  0%| F|  |TAMS 0x0000000706000000, 0x0000000706000000| Untracked 
|  15|0x0000000706100000, 0x0000000706100000, 0x0000000706200000|  0%| F|  |TAMS 0x0000000706100000, 0x0000000706100000| Untracked 
|  16|0x0000000706200000, 0x0000000706200000, 0x0000000706300000|  0%| F|  |TAMS 0x0000000706200000, 0x0000000706200000| Untracked 
|  17|0x0000000706300000, 0x0000000706300000, 0x0000000706400000|  0%| F|  |TAMS 0x0000000706300000, 0x0000000706300000| Untracked 
|  18|0x0000000706400000, 0x0000000706400000, 0x0000000706500000|  0%| F|  |TAMS 0x0000000706400000, 0x0000000706400000| Untracked 
|  19|0x0000000706500000, 0x0000000706500000, 0x0000000706600000|  0%| F|  |TAMS 0x0000000706500000, 0x0000000706500000| Untracked 
|  20|0x0000000706600000, 0x0000000706600000, 0x0000000706700000|  0%| F|  |TAMS 0x0000000706600000, 0x0000000706600000| Untracked 
|  21|0x0000000706700000, 0x0000000706700000, 0x0000000706800000|  0%| F|  |TAMS 0x0000000706700000, 0x0000000706700000| Untracked 
|  22|0x0000000706800000, 0x0000000706800000, 0x0000000706900000|  0%| F|  |TAMS 0x0000000706800000, 0x0000000706800000| Untracked 
|  23|0x0000000706900000, 0x0000000706900000, 0x0000000706a00000|  0%| F|  |TAMS 0x0000000706900000, 0x0000000706900000| Untracked 
|  24|0x0000000706a00000, 0x0000000706a00000, 0x0000000706b00000|  0%| F|  |TAMS 0x0000000706a00000, 0x0000000706a00000| Untracked 
|  25|0x0000000706b00000, 0x0000000706b00000, 0x0000000706c00000|  0%| F|  |TAMS 0x0000000706b00000, 0x0000000706b00000| Untracked 
|  26|0x0000000706c00000, 0x0000000706c00000, 0x0000000706d00000|  0%| F|  |TAMS 0x0000000706c00000, 0x0000000706c00000| Untracked 
|  27|0x0000000706d00000, 0x0000000706d00000, 0x0000000706e00000|  0%| F|  |TAMS 0x0000000706d00000, 0x0000000706d00000| Untracked 
|  28|0x0000000706e00000, 0x0000000706e00000, 0x0000000706f00000|  0%| F|  |TAMS 0x0000000706e00000, 0x0000000706e00000| Untracked 
|  29|0x0000000706f00000, 0x0000000706f00000, 0x0000000707000000|  0%| F|  |TAMS 0x0000000706f00000, 0x0000000706f00000| Untracked 
|  30|0x0000000707000000, 0x0000000707000000, 0x0000000707100000|  0%| F|  |TAMS 0x0000000707000000, 0x0000000707000000| Untracked 
|  31|0x0000000707100000, 0x0000000707100000, 0x0000000707200000|  0%| F|  |TAMS 0x0000000707100000, 0x0000000707100000| Untracked 
|  32|0x0000000707200000, 0x0000000707200000, 0x0000000707300000|  0%| F|  |TAMS 0x0000000707200000, 0x0000000707200000| Untracked 
|  33|0x0000000707300000, 0x0000000707300000, 0x0000000707400000|  0%| F|  |TAMS 0x0000000707300000, 0x0000000707300000| Untracked 
|  34|0x0000000707400000, 0x0000000707400000, 0x0000000707500000|  0%| F|  |TAMS 0x0000000707400000, 0x0000000707400000| Untracked 
|  35|0x0000000707500000, 0x0000000707500000, 0x0000000707600000|  0%| F|  |TAMS 0x0000000707500000, 0x0000000707500000| Untracked 
|  36|0x0000000707600000, 0x0000000707600000, 0x0000000707700000|  0%| F|  |TAMS 0x0000000707600000, 0x0000000707600000| Untracked 
|  37|0x0000000707700000, 0x0000000707700000, 0x0000000707800000|  0%| F|  |TAMS 0x0000000707700000, 0x0000000707700000| Untracked 
|  38|0x0000000707800000, 0x0000000707800000, 0x0000000707900000|  0%| F|  |TAMS 0x0000000707800000, 0x0000000707800000| Untracked 
|  39|0x0000000707900000, 0x0000000707900000, 0x0000000707a00000|  0%| F|  |TAMS 0x0000000707900000, 0x0000000707900000| Untracked 
|  40|0x0000000707a00000, 0x0000000707a00000, 0x0000000707b00000|  0%| F|  |TAMS 0x0000000707a00000, 0x0000000707a00000| Untracked 
|  41|0x0000000707b00000, 0x0000000707b00000, 0x0000000707c00000|  0%| F|  |TAMS 0x0000000707b00000, 0x0000000707b00000| Untracked 
|  42|0x0000000707c00000, 0x0000000707c00000, 0x0000000707d00000|  0%| F|  |TAMS 0x0000000707c00000, 0x0000000707c00000| Untracked 
|  43|0x0000000707d00000, 0x0000000707d00000, 0x0000000707e00000|  0%| F|  |TAMS 0x0000000707d00000, 0x0000000707d00000| Untracked 
|  44|0x0000000707e00000, 0x0000000707e00000, 0x0000000707f00000|  0%| F|  |TAMS 0x0000000707e00000, 0x0000000707e00000| Untracked 
|  45|0x0000000707f00000, 0x0000000707f00000, 0x0000000708000000|  0%| F|  |TAMS 0x0000000707f00000, 0x0000000707f00000| Untracked 
|  46|0x0000000708000000, 0x0000000708000000, 0x0000000708100000|  0%| F|  |TAMS 0x0000000708000000, 0x0000000708000000| Untracked 
|  47|0x0000000708100000, 0x0000000708100000, 0x0000000708200000|  0%| F|  |TAMS 0x0000000708100000, 0x0000000708100000| Untracked 
|  48|0x0000000708200000, 0x0000000708200000, 0x0000000708300000|  0%| F|  |TAMS 0x0000000708200000, 0x0000000708200000| Untracked 
|  49|0x0000000708300000, 0x0000000708300000, 0x0000000708400000|  0%| F|  |TAMS 0x0000000708300000, 0x0000000708300000| Untracked 
|  50|0x0000000708400000, 0x0000000708400000, 0x0000000708500000|  0%| F|  |TAMS 0x0000000708400000, 0x0000000708400000| Untracked 
|  51|0x0000000708500000, 0x0000000708500000, 0x0000000708600000|  0%| F|  |TAMS 0x0000000708500000, 0x0000000708500000| Untracked 
|  52|0x0000000708600000, 0x0000000708600000, 0x0000000708700000|  0%| F|  |TAMS 0x0000000708600000, 0x0000000708600000| Untracked 
|  53|0x0000000708700000, 0x0000000708700000, 0x0000000708800000|  0%| F|  |TAMS 0x0000000708700000, 0x0000000708700000| Untracked 
|  54|0x0000000708800000, 0x0000000708800000, 0x0000000708900000|  0%| F|  |TAMS 0x0000000708800000, 0x0000000708800000| Untracked 
|  55|0x0000000708900000, 0x0000000708900000, 0x0000000708a00000|  0%| F|  |TAMS 0x0000000708900000, 0x0000000708900000| Untracked 
|  56|0x0000000708a00000, 0x0000000708a00000, 0x0000000708b00000|  0%| F|  |TAMS 0x0000000708a00000, 0x0000000708a00000| Untracked 
|  57|0x0000000708b00000, 0x0000000708b00000, 0x0000000708c00000|  0%| F|  |TAMS 0x0000000708b00000, 0x0000000708b00000| Untracked 
|  58|0x0000000708c00000, 0x0000000708c00000, 0x0000000708d00000|  0%| F|  |TAMS 0x0000000708c00000, 0x0000000708c00000| Untracked 
|  59|0x0000000708d00000, 0x0000000708d00000, 0x0000000708e00000|  0%| F|  |TAMS 0x0000000708d00000, 0x0000000708d00000| Untracked 
|  60|0x0000000708e00000, 0x0000000708e00000, 0x0000000708f00000|  0%| F|  |TAMS 0x0000000708e00000, 0x0000000708e00000| Untracked 
|  61|0x0000000708f00000, 0x0000000708f00000, 0x0000000709000000|  0%| F|  |TAMS 0x0000000708f00000, 0x0000000708f00000| Untracked 
|  62|0x0000000709000000, 0x0000000709000000, 0x0000000709100000|  0%| F|  |TAMS 0x0000000709000000, 0x0000000709000000| Untracked 
|  63|0x0000000709100000, 0x0000000709100000, 0x0000000709200000|  0%| F|  |TAMS 0x0000000709100000, 0x0000000709100000| Untracked 
|  64|0x0000000709200000, 0x0000000709200000, 0x0000000709300000|  0%| F|  |TAMS 0x0000000709200000, 0x0000000709200000| Untracked 
|  65|0x0000000709300000, 0x0000000709300000, 0x0000000709400000|  0%| F|  |TAMS 0x0000000709300000, 0x0000000709300000| Untracked 
|  66|0x0000000709400000, 0x0000000709400000, 0x0000000709500000|  0%| F|  |TAMS 0x0000000709400000, 0x0000000709400000| Untracked 
|  67|0x0000000709500000, 0x0000000709500000, 0x0000000709600000|  0%| F|  |TAMS 0x0000000709500000, 0x0000000709500000| Untracked 
|  68|0x0000000709600000, 0x0000000709600000, 0x0000000709700000|  0%| F|  |TAMS 0x0000000709600000, 0x0000000709600000| Untracked 
|  69|0x0000000709700000, 0x0000000709700000, 0x0000000709800000|  0%| F|  |TAMS 0x0000000709700000, 0x0000000709700000| Untracked 
|  70|0x0000000709800000, 0x0000000709800000, 0x0000000709900000|  0%| F|  |TAMS 0x0000000709800000, 0x0000000709800000| Untracked 
|  71|0x0000000709900000, 0x0000000709900000, 0x0000000709a00000|  0%| F|  |TAMS 0x0000000709900000, 0x0000000709900000| Untracked 
|  72|0x0000000709a00000, 0x0000000709a00000, 0x0000000709b00000|  0%| F|  |TAMS 0x0000000709a00000, 0x0000000709a00000| Untracked 
|  73|0x0000000709b00000, 0x0000000709b00000, 0x0000000709c00000|  0%| F|  |TAMS 0x0000000709b00000, 0x0000000709b00000| Untracked 
|  74|0x0000000709c00000, 0x0000000709c00000, 0x0000000709d00000|  0%| F|  |TAMS 0x0000000709c00000, 0x0000000709c00000| Untracked 
|  75|0x0000000709d00000, 0x0000000709d00000, 0x0000000709e00000|  0%| F|  |TAMS 0x0000000709d00000, 0x0000000709d00000| Untracked 
|  76|0x0000000709e00000, 0x0000000709e00000, 0x0000000709f00000|  0%| F|  |TAMS 0x0000000709e00000, 0x0000000709e00000| Untracked 
|  77|0x0000000709f00000, 0x0000000709f00000, 0x000000070a000000|  0%| F|  |TAMS 0x0000000709f00000, 0x0000000709f00000| Untracked 
|  78|0x000000070a000000, 0x000000070a000000, 0x000000070a100000|  0%| F|  |TAMS 0x000000070a000000, 0x000000070a000000| Untracked 
|  79|0x000000070a100000, 0x000000070a100000, 0x000000070a200000|  0%| F|  |TAMS 0x000000070a100000, 0x000000070a100000| Untracked 
|  80|0x000000070a200000, 0x000000070a200000, 0x000000070a300000|  0%| F|  |TAMS 0x000000070a200000, 0x000000070a200000| Untracked 
|  81|0x000000070a300000, 0x000000070a300000, 0x000000070a400000|  0%| F|  |TAMS 0x000000070a300000, 0x000000070a300000| Untracked 
|  82|0x000000070a400000, 0x000000070a400000, 0x000000070a500000|  0%| F|  |TAMS 0x000000070a400000, 0x000000070a400000| Untracked 
|  83|0x000000070a500000, 0x000000070a500000, 0x000000070a600000|  0%| F|  |TAMS 0x000000070a500000, 0x000000070a500000| Untracked 
|  84|0x000000070a600000, 0x000000070a600000, 0x000000070a700000|  0%| F|  |TAMS 0x000000070a600000, 0x000000070a600000| Untracked 
|  85|0x000000070a700000, 0x000000070a700000, 0x000000070a800000|  0%| F|  |TAMS 0x000000070a700000, 0x000000070a700000| Untracked 
|  86|0x000000070a800000, 0x000000070a800000, 0x000000070a900000|  0%| F|  |TAMS 0x000000070a800000, 0x000000070a800000| Untracked 
|  87|0x000000070a900000, 0x000000070a900000, 0x000000070aa00000|  0%| F|  |TAMS 0x000000070a900000, 0x000000070a900000| Untracked 
|  88|0x000000070aa00000, 0x000000070aa00000, 0x000000070ab00000|  0%| F|  |TAMS 0x000000070aa00000, 0x000000070aa00000| Untracked 
|  89|0x000000070ab00000, 0x000000070ab00000, 0x000000070ac00000|  0%| F|  |TAMS 0x000000070ab00000, 0x000000070ab00000| Untracked 
|  90|0x000000070ac00000, 0x000000070ac00000, 0x000000070ad00000|  0%| F|  |TAMS 0x000000070ac00000, 0x000000070ac00000| Untracked 
|  91|0x000000070ad00000, 0x000000070ad00000, 0x000000070ae00000|  0%| F|  |TAMS 0x000000070ad00000, 0x000000070ad00000| Untracked 
|  92|0x000000070ae00000, 0x000000070ae00000, 0x000000070af00000|  0%| F|  |TAMS 0x000000070ae00000, 0x000000070ae00000| Untracked 
|  93|0x000000070af00000, 0x000000070af00000, 0x000000070b000000|  0%| F|  |TAMS 0x000000070af00000, 0x000000070af00000| Untracked 
|  94|0x000000070b000000, 0x000000070b000000, 0x000000070b100000|  0%| F|  |TAMS 0x000000070b000000, 0x000000070b000000| Untracked 
|  95|0x000000070b100000, 0x000000070b100000, 0x000000070b200000|  0%| F|  |TAMS 0x000000070b100000, 0x000000070b100000| Untracked 
|  96|0x000000070b200000, 0x000000070b200000, 0x000000070b300000|  0%| F|  |TAMS 0x000000070b200000, 0x000000070b200000| Untracked 
|  97|0x000000070b300000, 0x000000070b300000, 0x000000070b400000|  0%| F|  |TAMS 0x000000070b300000, 0x000000070b300000| Untracked 
|  98|0x000000070b400000, 0x000000070b400000, 0x000000070b500000|  0%| F|  |TAMS 0x000000070b400000, 0x000000070b400000| Untracked 
|  99|0x000000070b500000, 0x000000070b500000, 0x000000070b600000|  0%| F|  |TAMS 0x000000070b500000, 0x000000070b500000| Untracked 
| 100|0x000000070b600000, 0x000000070b600000, 0x000000070b700000|  0%| F|  |TAMS 0x000000070b600000, 0x000000070b600000| Untracked 
| 101|0x000000070b700000, 0x000000070b700000, 0x000000070b800000|  0%| F|  |TAMS 0x000000070b700000, 0x000000070b700000| Untracked 
| 102|0x000000070b800000, 0x000000070b800000, 0x000000070b900000|  0%| F|  |TAMS 0x000000070b800000, 0x000000070b800000| Untracked 
| 103|0x000000070b900000, 0x000000070b900000, 0x000000070ba00000|  0%| F|  |TAMS 0x000000070b900000, 0x000000070b900000| Untracked 
| 104|0x000000070ba00000, 0x000000070ba00000, 0x000000070bb00000|  0%| F|  |TAMS 0x000000070ba00000, 0x000000070ba00000| Untracked 
| 105|0x000000070bb00000, 0x000000070bb00000, 0x000000070bc00000|  0%| F|  |TAMS 0x000000070bb00000, 0x000000070bb00000| Untracked 
| 106|0x000000070bc00000, 0x000000070bcb0b50, 0x000000070bd00000| 69%| S|CS|TAMS 0x000000070bc00000, 0x000000070bc00000| Complete 
| 107|0x000000070bd00000, 0x000000070be00000, 0x000000070be00000|100%| S|CS|TAMS 0x000000070bd00000, 0x000000070bd00000| Complete 
| 108|0x000000070be00000, 0x000000070bf00000, 0x000000070bf00000|100%| S|CS|TAMS 0x000000070be00000, 0x000000070be00000| Complete 
| 109|0x000000070bf00000, 0x000000070c000000, 0x000000070c000000|100%| S|CS|TAMS 0x000000070bf00000, 0x000000070bf00000| Complete 
| 110|0x000000070c000000, 0x000000070c100000, 0x000000070c100000|100%| S|CS|TAMS 0x000000070c000000, 0x000000070c000000| Complete 
| 111|0x000000070c100000, 0x000000070c200000, 0x000000070c200000|100%| S|CS|TAMS 0x000000070c100000, 0x000000070c100000| Complete 
| 112|0x000000070c200000, 0x000000070c300000, 0x000000070c300000|100%| S|CS|TAMS 0x000000070c200000, 0x000000070c200000| Complete 
| 113|0x000000070c300000, 0x000000070c400000, 0x000000070c400000|100%| S|CS|TAMS 0x000000070c300000, 0x000000070c300000| Complete 
| 114|0x000000070c400000, 0x000000070c500000, 0x000000070c500000|100%| S|CS|TAMS 0x000000070c400000, 0x000000070c400000| Complete 
| 115|0x000000070c500000, 0x000000070c600000, 0x000000070c600000|100%| S|CS|TAMS 0x000000070c500000, 0x000000070c500000| Complete 
| 116|0x000000070c600000, 0x000000070c700000, 0x000000070c700000|100%| S|CS|TAMS 0x000000070c600000, 0x000000070c600000| Complete 
| 117|0x000000070c700000, 0x000000070c800000, 0x000000070c800000|100%| S|CS|TAMS 0x000000070c700000, 0x000000070c700000| Complete 
| 118|0x000000070c800000, 0x000000070c900000, 0x000000070c900000|100%| S|CS|TAMS 0x000000070c800000, 0x000000070c800000| Complete 
| 119|0x000000070c900000, 0x000000070ca00000, 0x000000070ca00000|100%| S|CS|TAMS 0x000000070c900000, 0x000000070c900000| Complete 
| 120|0x000000070ca00000, 0x000000070cb00000, 0x000000070cb00000|100%| S|CS|TAMS 0x000000070ca00000, 0x000000070ca00000| Complete 
| 121|0x000000070cb00000, 0x000000070cc00000, 0x000000070cc00000|100%| S|CS|TAMS 0x000000070cb00000, 0x000000070cb00000| Complete 
| 122|0x000000070cc00000, 0x000000070cc00000, 0x000000070cd00000|  0%| F|  |TAMS 0x000000070cc00000, 0x000000070cc00000| Untracked 
| 123|0x000000070cd00000, 0x000000070cd00000, 0x000000070ce00000|  0%| F|  |TAMS 0x000000070cd00000, 0x000000070cd00000| Untracked 
| 124|0x000000070ce00000, 0x000000070ce00000, 0x000000070cf00000|  0%| F|  |TAMS 0x000000070ce00000, 0x000000070ce00000| Untracked 
| 125|0x000000070cf00000, 0x000000070cf00000, 0x000000070d000000|  0%| F|  |TAMS 0x000000070cf00000, 0x000000070cf00000| Untracked 
| 126|0x000000070d000000, 0x000000070d000000, 0x000000070d100000|  0%| F|  |TAMS 0x000000070d000000, 0x000000070d000000| Untracked 
| 127|0x000000070d100000, 0x000000070d100000, 0x000000070d200000|  0%| F|  |TAMS 0x000000070d100000, 0x000000070d100000| Untracked 
| 128|0x000000070d200000, 0x000000070d200000, 0x000000070d300000|  0%| F|  |TAMS 0x000000070d200000, 0x000000070d200000| Untracked 
| 129|0x000000070d300000, 0x000000070d300000, 0x000000070d400000|  0%| F|  |TAMS 0x000000070d300000, 0x000000070d300000| Untracked 
| 130|0x000000070d400000, 0x000000070d400000, 0x000000070d500000|  0%| F|  |TAMS 0x000000070d400000, 0x000000070d400000| Untracked 
| 131|0x000000070d500000, 0x000000070d500000, 0x000000070d600000|  0%| F|  |TAMS 0x000000070d500000, 0x000000070d500000| Untracked 
| 132|0x000000070d600000, 0x000000070d600000, 0x000000070d700000|  0%| F|  |TAMS 0x000000070d600000, 0x000000070d600000| Untracked 
| 133|0x000000070d700000, 0x000000070d700000, 0x000000070d800000|  0%| F|  |TAMS 0x000000070d700000, 0x000000070d700000| Untracked 
| 134|0x000000070d800000, 0x000000070d800000, 0x000000070d900000|  0%| F|  |TAMS 0x000000070d800000, 0x000000070d800000| Untracked 
| 135|0x000000070d900000, 0x000000070d900000, 0x000000070da00000|  0%| F|  |TAMS 0x000000070d900000, 0x000000070d900000| Untracked 
| 136|0x000000070da00000, 0x000000070da00000, 0x000000070db00000|  0%| F|  |TAMS 0x000000070da00000, 0x000000070da00000| Untracked 
| 137|0x000000070db00000, 0x000000070db00000, 0x000000070dc00000|  0%| F|  |TAMS 0x000000070db00000, 0x000000070db00000| Untracked 
| 138|0x000000070dc00000, 0x000000070dc00000, 0x000000070dd00000|  0%| F|  |TAMS 0x000000070dc00000, 0x000000070dc00000| Untracked 
| 139|0x000000070dd00000, 0x000000070dd00000, 0x000000070de00000|  0%| F|  |TAMS 0x000000070dd00000, 0x000000070dd00000| Untracked 
| 140|0x000000070de00000, 0x000000070de00000, 0x000000070df00000|  0%| F|  |TAMS 0x000000070de00000, 0x000000070de00000| Untracked 
| 141|0x000000070df00000, 0x000000070df00000, 0x000000070e000000|  0%| F|  |TAMS 0x000000070df00000, 0x000000070df00000| Untracked 
| 142|0x000000070e000000, 0x000000070e000000, 0x000000070e100000|  0%| F|  |TAMS 0x000000070e000000, 0x000000070e000000| Untracked 
| 143|0x000000070e100000, 0x000000070e100000, 0x000000070e200000|  0%| F|  |TAMS 0x000000070e100000, 0x000000070e100000| Untracked 
| 144|0x000000070e200000, 0x000000070e200000, 0x000000070e300000|  0%| F|  |TAMS 0x000000070e200000, 0x000000070e200000| Untracked 
| 145|0x000000070e300000, 0x000000070e300000, 0x000000070e400000|  0%| F|  |TAMS 0x000000070e300000, 0x000000070e300000| Untracked 
| 146|0x000000070e400000, 0x000000070e400000, 0x000000070e500000|  0%| F|  |TAMS 0x000000070e400000, 0x000000070e400000| Untracked 
| 147|0x000000070e500000, 0x000000070e500000, 0x000000070e600000|  0%| F|  |TAMS 0x000000070e500000, 0x000000070e500000| Untracked 
| 148|0x000000070e600000, 0x000000070e600000, 0x000000070e700000|  0%| F|  |TAMS 0x000000070e600000, 0x000000070e600000| Untracked 
| 149|0x000000070e700000, 0x000000070e700000, 0x000000070e800000|  0%| F|  |TAMS 0x000000070e700000, 0x000000070e700000| Untracked 
| 150|0x000000070e800000, 0x000000070e800000, 0x000000070e900000|  0%| F|  |TAMS 0x000000070e800000, 0x000000070e800000| Untracked 
| 151|0x000000070e900000, 0x000000070e900000, 0x000000070ea00000|  0%| F|  |TAMS 0x000000070e900000, 0x000000070e900000| Untracked 
| 152|0x000000070ea00000, 0x000000070ea00000, 0x000000070eb00000|  0%| F|  |TAMS 0x000000070ea00000, 0x000000070ea00000| Untracked 
| 153|0x000000070eb00000, 0x000000070eb00000, 0x000000070ec00000|  0%| F|  |TAMS 0x000000070eb00000, 0x000000070eb00000| Untracked 
| 154|0x000000070ec00000, 0x000000070ec00000, 0x000000070ed00000|  0%| F|  |TAMS 0x000000070ec00000, 0x000000070ec00000| Untracked 
| 155|0x000000070ed00000, 0x000000070ed00000, 0x000000070ee00000|  0%| F|  |TAMS 0x000000070ed00000, 0x000000070ed00000| Untracked 
| 156|0x000000070ee00000, 0x000000070ee00000, 0x000000070ef00000|  0%| F|  |TAMS 0x000000070ee00000, 0x000000070ee00000| Untracked 
| 157|0x000000070ef00000, 0x000000070ef00000, 0x000000070f000000|  0%| F|  |TAMS 0x000000070ef00000, 0x000000070ef00000| Untracked 
| 158|0x000000070f000000, 0x000000070f000000, 0x000000070f100000|  0%| F|  |TAMS 0x000000070f000000, 0x000000070f000000| Untracked 
| 159|0x000000070f100000, 0x000000070f100000, 0x000000070f200000|  0%| F|  |TAMS 0x000000070f100000, 0x000000070f100000| Untracked 
| 160|0x000000070f200000, 0x000000070f200000, 0x000000070f300000|  0%| F|  |TAMS 0x000000070f200000, 0x000000070f200000| Untracked 
| 161|0x000000070f300000, 0x000000070f300000, 0x000000070f400000|  0%| F|  |TAMS 0x000000070f300000, 0x000000070f300000| Untracked 
| 162|0x000000070f400000, 0x000000070f400000, 0x000000070f500000|  0%| F|  |TAMS 0x000000070f400000, 0x000000070f400000| Untracked 
| 163|0x000000070f500000, 0x000000070f500000, 0x000000070f600000|  0%| F|  |TAMS 0x000000070f500000, 0x000000070f500000| Untracked 
| 164|0x000000070f600000, 0x000000070f600000, 0x000000070f700000|  0%| F|  |TAMS 0x000000070f600000, 0x000000070f600000| Untracked 
| 165|0x000000070f700000, 0x000000070f700000, 0x000000070f800000|  0%| F|  |TAMS 0x000000070f700000, 0x000000070f700000| Untracked 
| 166|0x000000070f800000, 0x000000070f800000, 0x000000070f900000|  0%| F|  |TAMS 0x000000070f800000, 0x000000070f800000| Untracked 
| 167|0x000000070f900000, 0x000000070f900000, 0x000000070fa00000|  0%| F|  |TAMS 0x000000070f900000, 0x000000070f900000| Untracked 
| 168|0x000000070fa00000, 0x000000070fa00000, 0x000000070fb00000|  0%| F|  |TAMS 0x000000070fa00000, 0x000000070fa00000| Untracked 
| 169|0x000000070fb00000, 0x000000070fb00000, 0x000000070fc00000|  0%| F|  |TAMS 0x000000070fb00000, 0x000000070fb00000| Untracked 
| 170|0x000000070fc00000, 0x000000070fc00000, 0x000000070fd00000|  0%| F|  |TAMS 0x000000070fc00000, 0x000000070fc00000| Untracked 
| 171|0x000000070fd00000, 0x000000070fd00000, 0x000000070fe00000|  0%| F|  |TAMS 0x000000070fd00000, 0x000000070fd00000| Untracked 
| 172|0x000000070fe00000, 0x000000070fe00000, 0x000000070ff00000|  0%| F|  |TAMS 0x000000070fe00000, 0x000000070fe00000| Untracked 
| 173|0x000000070ff00000, 0x000000070ff00000, 0x0000000710000000|  0%| F|  |TAMS 0x000000070ff00000, 0x000000070ff00000| Untracked 
| 174|0x0000000710000000, 0x0000000710000000, 0x0000000710100000|  0%| F|  |TAMS 0x0000000710000000, 0x0000000710000000| Untracked 
| 175|0x0000000710100000, 0x0000000710100000, 0x0000000710200000|  0%| F|  |TAMS 0x0000000710100000, 0x0000000710100000| Untracked 
| 176|0x0000000710200000, 0x0000000710200000, 0x0000000710300000|  0%| F|  |TAMS 0x0000000710200000, 0x0000000710200000| Untracked 
| 177|0x0000000710300000, 0x0000000710300000, 0x0000000710400000|  0%| F|  |TAMS 0x0000000710300000, 0x0000000710300000| Untracked 
| 178|0x0000000710400000, 0x0000000710400000, 0x0000000710500000|  0%| F|  |TAMS 0x0000000710400000, 0x0000000710400000| Untracked 
| 179|0x0000000710500000, 0x0000000710540818, 0x0000000710600000| 25%| E|  |TAMS 0x0000000710500000, 0x0000000710500000| Complete 
| 180|0x0000000710600000, 0x0000000710700000, 0x0000000710700000|100%| E|CS|TAMS 0x0000000710600000, 0x0000000710600000| Complete 
| 181|0x0000000710700000, 0x0000000710800000, 0x0000000710800000|100%| E|CS|TAMS 0x0000000710700000, 0x0000000710700000| Complete 
| 182|0x0000000710800000, 0x0000000710900000, 0x0000000710900000|100%| E|CS|TAMS 0x0000000710800000, 0x0000000710800000| Complete 
| 183|0x0000000710900000, 0x0000000710a00000, 0x0000000710a00000|100%| E|CS|TAMS 0x0000000710900000, 0x0000000710900000| Complete 
| 184|0x0000000710a00000, 0x0000000710b00000, 0x0000000710b00000|100%| E|CS|TAMS 0x0000000710a00000, 0x0000000710a00000| Complete 
| 185|0x0000000710b00000, 0x0000000710c00000, 0x0000000710c00000|100%| E|CS|TAMS 0x0000000710b00000, 0x0000000710b00000| Complete 
| 186|0x0000000710c00000, 0x0000000710d00000, 0x0000000710d00000|100%| E|CS|TAMS 0x0000000710c00000, 0x0000000710c00000| Complete 
| 187|0x0000000710d00000, 0x0000000710e00000, 0x0000000710e00000|100%| E|CS|TAMS 0x0000000710d00000, 0x0000000710d00000| Complete 
| 188|0x0000000710e00000, 0x0000000710f00000, 0x0000000710f00000|100%| E|CS|TAMS 0x0000000710e00000, 0x0000000710e00000| Complete 
| 189|0x0000000710f00000, 0x0000000711000000, 0x0000000711000000|100%| E|CS|TAMS 0x0000000710f00000, 0x0000000710f00000| Complete 
| 190|0x0000000711000000, 0x0000000711100000, 0x0000000711100000|100%| E|CS|TAMS 0x0000000711000000, 0x0000000711000000| Complete 
| 191|0x0000000711100000, 0x0000000711200000, 0x0000000711200000|100%| E|CS|TAMS 0x0000000711100000, 0x0000000711100000| Complete 
| 192|0x0000000711200000, 0x0000000711300000, 0x0000000711300000|100%| E|CS|TAMS 0x0000000711200000, 0x0000000711200000| Complete 
| 193|0x0000000711300000, 0x0000000711400000, 0x0000000711400000|100%| E|CS|TAMS 0x0000000711300000, 0x0000000711300000| Complete 
| 194|0x0000000711400000, 0x0000000711500000, 0x0000000711500000|100%| E|CS|TAMS 0x0000000711400000, 0x0000000711400000| Complete 
| 195|0x0000000711500000, 0x0000000711600000, 0x0000000711600000|100%| E|CS|TAMS 0x0000000711500000, 0x0000000711500000| Complete 
| 196|0x0000000711600000, 0x0000000711700000, 0x0000000711700000|100%| E|CS|TAMS 0x0000000711600000, 0x0000000711600000| Complete 
| 197|0x0000000711700000, 0x0000000711800000, 0x0000000711800000|100%| E|CS|TAMS 0x0000000711700000, 0x0000000711700000| Complete 
| 198|0x0000000711800000, 0x0000000711900000, 0x0000000711900000|100%| E|CS|TAMS 0x0000000711800000, 0x0000000711800000| Complete 
| 199|0x0000000711900000, 0x0000000711a00000, 0x0000000711a00000|100%| E|  |TAMS 0x0000000711900000, 0x0000000711900000| Complete 
| 200|0x0000000711a00000, 0x0000000711b00000, 0x0000000711b00000|100%| E|CS|TAMS 0x0000000711a00000, 0x0000000711a00000| Complete 
| 201|0x0000000711b00000, 0x0000000711c00000, 0x0000000711c00000|100%| E|CS|TAMS 0x0000000711b00000, 0x0000000711b00000| Complete 
| 202|0x0000000711c00000, 0x0000000711d00000, 0x0000000711d00000|100%| E|CS|TAMS 0x0000000711c00000, 0x0000000711c00000| Complete 
| 203|0x0000000711d00000, 0x0000000711e00000, 0x0000000711e00000|100%| E|CS|TAMS 0x0000000711d00000, 0x0000000711d00000| Complete 
| 204|0x0000000711e00000, 0x0000000711f00000, 0x0000000711f00000|100%| E|CS|TAMS 0x0000000711e00000, 0x0000000711e00000| Complete 
| 205|0x0000000711f00000, 0x0000000712000000, 0x0000000712000000|100%| E|CS|TAMS 0x0000000711f00000, 0x0000000711f00000| Complete 
| 206|0x0000000712000000, 0x0000000712100000, 0x0000000712100000|100%| E|CS|TAMS 0x0000000712000000, 0x0000000712000000| Complete 
| 207|0x0000000712100000, 0x0000000712200000, 0x0000000712200000|100%| E|CS|TAMS 0x0000000712100000, 0x0000000712100000| Complete 
| 208|0x0000000712200000, 0x0000000712300000, 0x0000000712300000|100%| E|CS|TAMS 0x0000000712200000, 0x0000000712200000| Complete 
| 209|0x0000000712300000, 0x0000000712400000, 0x0000000712400000|100%| E|CS|TAMS 0x0000000712300000, 0x0000000712300000| Complete 
| 210|0x0000000712400000, 0x0000000712500000, 0x0000000712500000|100%| E|CS|TAMS 0x0000000712400000, 0x0000000712400000| Complete 
| 211|0x0000000712500000, 0x0000000712600000, 0x0000000712600000|100%| E|CS|TAMS 0x0000000712500000, 0x0000000712500000| Complete 
| 212|0x0000000712600000, 0x0000000712700000, 0x0000000712700000|100%| E|CS|TAMS 0x0000000712600000, 0x0000000712600000| Complete 
| 213|0x0000000712700000, 0x0000000712800000, 0x0000000712800000|100%| E|CS|TAMS 0x0000000712700000, 0x0000000712700000| Complete 
| 214|0x0000000712800000, 0x0000000712900000, 0x0000000712900000|100%| E|CS|TAMS 0x0000000712800000, 0x0000000712800000| Complete 
| 215|0x0000000712900000, 0x0000000712a00000, 0x0000000712a00000|100%| E|CS|TAMS 0x0000000712900000, 0x0000000712900000| Complete 
| 216|0x0000000712a00000, 0x0000000712b00000, 0x0000000712b00000|100%| E|CS|TAMS 0x0000000712a00000, 0x0000000712a00000| Complete 
| 217|0x0000000712b00000, 0x0000000712c00000, 0x0000000712c00000|100%| E|CS|TAMS 0x0000000712b00000, 0x0000000712b00000| Complete 
| 218|0x0000000712c00000, 0x0000000712d00000, 0x0000000712d00000|100%| E|CS|TAMS 0x0000000712c00000, 0x0000000712c00000| Complete 
| 219|0x0000000712d00000, 0x0000000712e00000, 0x0000000712e00000|100%| E|CS|TAMS 0x0000000712d00000, 0x0000000712d00000| Complete 
| 220|0x0000000712e00000, 0x0000000712f00000, 0x0000000712f00000|100%| E|CS|TAMS 0x0000000712e00000, 0x0000000712e00000| Complete 
| 221|0x0000000712f00000, 0x0000000713000000, 0x0000000713000000|100%| E|CS|TAMS 0x0000000712f00000, 0x0000000712f00000| Complete 
| 222|0x0000000713000000, 0x0000000713100000, 0x0000000713100000|100%| E|CS|TAMS 0x0000000713000000, 0x0000000713000000| Complete 
| 223|0x0000000713100000, 0x0000000713200000, 0x0000000713200000|100%| E|CS|TAMS 0x0000000713100000, 0x0000000713100000| Complete 
| 224|0x0000000713200000, 0x0000000713300000, 0x0000000713300000|100%| E|CS|TAMS 0x0000000713200000, 0x0000000713200000| Complete 
| 225|0x0000000713300000, 0x0000000713400000, 0x0000000713400000|100%| E|CS|TAMS 0x0000000713300000, 0x0000000713300000| Complete 
| 226|0x0000000713400000, 0x0000000713500000, 0x0000000713500000|100%| E|CS|TAMS 0x0000000713400000, 0x0000000713400000| Complete 
| 227|0x0000000713500000, 0x0000000713600000, 0x0000000713600000|100%| E|CS|TAMS 0x0000000713500000, 0x0000000713500000| Complete 
| 228|0x0000000713600000, 0x0000000713700000, 0x0000000713700000|100%| E|CS|TAMS 0x0000000713600000, 0x0000000713600000| Complete 
| 229|0x0000000713700000, 0x0000000713800000, 0x0000000713800000|100%| E|CS|TAMS 0x0000000713700000, 0x0000000713700000| Complete 
| 230|0x0000000713800000, 0x0000000713900000, 0x0000000713900000|100%| E|CS|TAMS 0x0000000713800000, 0x0000000713800000| Complete 
| 231|0x0000000713900000, 0x0000000713a00000, 0x0000000713a00000|100%| E|CS|TAMS 0x0000000713900000, 0x0000000713900000| Complete 
| 232|0x0000000713a00000, 0x0000000713b00000, 0x0000000713b00000|100%| E|CS|TAMS 0x0000000713a00000, 0x0000000713a00000| Complete 
| 233|0x0000000713b00000, 0x0000000713c00000, 0x0000000713c00000|100%| E|CS|TAMS 0x0000000713b00000, 0x0000000713b00000| Complete 
| 234|0x0000000713c00000, 0x0000000713d00000, 0x0000000713d00000|100%| E|CS|TAMS 0x0000000713c00000, 0x0000000713c00000| Complete 
| 235|0x0000000713d00000, 0x0000000713e00000, 0x0000000713e00000|100%| E|CS|TAMS 0x0000000713d00000, 0x0000000713d00000| Complete 
| 236|0x0000000713e00000, 0x0000000713f00000, 0x0000000713f00000|100%| E|CS|TAMS 0x0000000713e00000, 0x0000000713e00000| Complete 
| 237|0x0000000713f00000, 0x0000000714000000, 0x0000000714000000|100%| E|CS|TAMS 0x0000000713f00000, 0x0000000713f00000| Complete 
| 238|0x0000000714000000, 0x0000000714100000, 0x0000000714100000|100%| E|CS|TAMS 0x0000000714000000, 0x0000000714000000| Complete 
| 239|0x0000000714100000, 0x0000000714200000, 0x0000000714200000|100%| E|CS|TAMS 0x0000000714100000, 0x0000000714100000| Complete 
| 240|0x0000000714200000, 0x0000000714300000, 0x0000000714300000|100%| E|CS|TAMS 0x0000000714200000, 0x0000000714200000| Complete 
| 241|0x0000000714300000, 0x0000000714400000, 0x0000000714400000|100%| E|CS|TAMS 0x0000000714300000, 0x0000000714300000| Complete 
| 242|0x0000000714400000, 0x0000000714500000, 0x0000000714500000|100%| E|CS|TAMS 0x0000000714400000, 0x0000000714400000| Complete 
| 243|0x0000000714500000, 0x0000000714600000, 0x0000000714600000|100%| E|CS|TAMS 0x0000000714500000, 0x0000000714500000| Complete 
| 244|0x0000000714600000, 0x0000000714700000, 0x0000000714700000|100%| E|CS|TAMS 0x0000000714600000, 0x0000000714600000| Complete 
| 245|0x0000000714700000, 0x0000000714800000, 0x0000000714800000|100%| E|CS|TAMS 0x0000000714700000, 0x0000000714700000| Complete 
| 246|0x0000000714800000, 0x0000000714900000, 0x0000000714900000|100%| E|CS|TAMS 0x0000000714800000, 0x0000000714800000| Complete 
| 247|0x0000000714900000, 0x0000000714a00000, 0x0000000714a00000|100%| E|CS|TAMS 0x0000000714900000, 0x0000000714900000| Complete 
| 248|0x0000000714a00000, 0x0000000714b00000, 0x0000000714b00000|100%| E|CS|TAMS 0x0000000714a00000, 0x0000000714a00000| Complete 
| 249|0x0000000714b00000, 0x0000000714c00000, 0x0000000714c00000|100%| E|CS|TAMS 0x0000000714b00000, 0x0000000714b00000| Complete 
| 250|0x0000000714c00000, 0x0000000714d00000, 0x0000000714d00000|100%| E|CS|TAMS 0x0000000714c00000, 0x0000000714c00000| Complete 
| 251|0x0000000714d00000, 0x0000000714e00000, 0x0000000714e00000|100%| E|CS|TAMS 0x0000000714d00000, 0x0000000714d00000| Complete 
| 252|0x0000000714e00000, 0x0000000714f00000, 0x0000000714f00000|100%| E|CS|TAMS 0x0000000714e00000, 0x0000000714e00000| Complete 
| 253|0x0000000714f00000, 0x0000000715000000, 0x0000000715000000|100%| E|CS|TAMS 0x0000000714f00000, 0x0000000714f00000| Complete 
| 254|0x0000000715000000, 0x0000000715100000, 0x0000000715100000|100%| E|CS|TAMS 0x0000000715000000, 0x0000000715000000| Complete 
| 255|0x0000000715100000, 0x0000000715200000, 0x0000000715200000|100%| E|CS|TAMS 0x0000000715100000, 0x0000000715100000| Complete 
| 256|0x0000000715200000, 0x0000000715300000, 0x0000000715300000|100%| E|CS|TAMS 0x0000000715200000, 0x0000000715200000| Complete 
| 257|0x0000000715300000, 0x0000000715400000, 0x0000000715400000|100%| E|CS|TAMS 0x0000000715300000, 0x0000000715300000| Complete 
| 258|0x0000000715400000, 0x0000000715500000, 0x0000000715500000|100%| E|CS|TAMS 0x0000000715400000, 0x0000000715400000| Complete 
| 259|0x0000000715500000, 0x0000000715600000, 0x0000000715600000|100%| E|CS|TAMS 0x0000000715500000, 0x0000000715500000| Complete 
| 260|0x0000000715600000, 0x0000000715700000, 0x0000000715700000|100%| E|CS|TAMS 0x0000000715600000, 0x0000000715600000| Complete 
| 261|0x0000000715700000, 0x0000000715800000, 0x0000000715800000|100%| E|CS|TAMS 0x0000000715700000, 0x0000000715700000| Complete 
| 262|0x0000000715800000, 0x0000000715900000, 0x0000000715900000|100%| E|CS|TAMS 0x0000000715800000, 0x0000000715800000| Complete 
| 263|0x0000000715900000, 0x0000000715a00000, 0x0000000715a00000|100%| E|CS|TAMS 0x0000000715900000, 0x0000000715900000| Complete 
| 264|0x0000000715a00000, 0x0000000715b00000, 0x0000000715b00000|100%| E|CS|TAMS 0x0000000715a00000, 0x0000000715a00000| Complete 
| 265|0x0000000715b00000, 0x0000000715c00000, 0x0000000715c00000|100%| E|CS|TAMS 0x0000000715b00000, 0x0000000715b00000| Complete 
| 266|0x0000000715c00000, 0x0000000715d00000, 0x0000000715d00000|100%| E|CS|TAMS 0x0000000715c00000, 0x0000000715c00000| Complete 
| 267|0x0000000715d00000, 0x0000000715e00000, 0x0000000715e00000|100%| E|CS|TAMS 0x0000000715d00000, 0x0000000715d00000| Complete 
| 268|0x0000000715e00000, 0x0000000715f00000, 0x0000000715f00000|100%| E|CS|TAMS 0x0000000715e00000, 0x0000000715e00000| Complete 
| 269|0x0000000715f00000, 0x0000000716000000, 0x0000000716000000|100%| E|CS|TAMS 0x0000000715f00000, 0x0000000715f00000| Complete 
| 270|0x0000000716000000, 0x0000000716100000, 0x0000000716100000|100%| E|CS|TAMS 0x0000000716000000, 0x0000000716000000| Complete 
| 271|0x0000000716100000, 0x0000000716200000, 0x0000000716200000|100%| E|CS|TAMS 0x0000000716100000, 0x0000000716100000| Complete 
| 272|0x0000000716200000, 0x0000000716300000, 0x0000000716300000|100%| E|CS|TAMS 0x0000000716200000, 0x0000000716200000| Complete 
| 273|0x0000000716300000, 0x0000000716400000, 0x0000000716400000|100%| E|CS|TAMS 0x0000000716300000, 0x0000000716300000| Complete 
| 274|0x0000000716400000, 0x0000000716500000, 0x0000000716500000|100%| E|CS|TAMS 0x0000000716400000, 0x0000000716400000| Complete 
| 275|0x0000000716500000, 0x0000000716600000, 0x0000000716600000|100%| E|CS|TAMS 0x0000000716500000, 0x0000000716500000| Complete 
| 276|0x0000000716600000, 0x0000000716700000, 0x0000000716700000|100%| E|CS|TAMS 0x0000000716600000, 0x0000000716600000| Complete 
| 277|0x0000000716700000, 0x0000000716800000, 0x0000000716800000|100%| E|CS|TAMS 0x0000000716700000, 0x0000000716700000| Complete 
| 278|0x0000000716800000, 0x0000000716900000, 0x0000000716900000|100%| E|CS|TAMS 0x0000000716800000, 0x0000000716800000| Complete 
| 279|0x0000000716900000, 0x0000000716a00000, 0x0000000716a00000|100%| E|CS|TAMS 0x0000000716900000, 0x0000000716900000| Complete 
| 280|0x0000000716a00000, 0x0000000716b00000, 0x0000000716b00000|100%| E|CS|TAMS 0x0000000716a00000, 0x0000000716a00000| Complete 
| 281|0x0000000716b00000, 0x0000000716c00000, 0x0000000716c00000|100%| E|CS|TAMS 0x0000000716b00000, 0x0000000716b00000| Complete 
| 282|0x0000000716c00000, 0x0000000716d00000, 0x0000000716d00000|100%| E|CS|TAMS 0x0000000716c00000, 0x0000000716c00000| Complete 
| 283|0x0000000716d00000, 0x0000000716e00000, 0x0000000716e00000|100%| E|CS|TAMS 0x0000000716d00000, 0x0000000716d00000| Complete 
| 284|0x0000000716e00000, 0x0000000716f00000, 0x0000000716f00000|100%| E|CS|TAMS 0x0000000716e00000, 0x0000000716e00000| Complete 
| 285|0x0000000716f00000, 0x0000000717000000, 0x0000000717000000|100%| E|CS|TAMS 0x0000000716f00000, 0x0000000716f00000| Complete 
| 286|0x0000000717000000, 0x0000000717100000, 0x0000000717100000|100%| E|CS|TAMS 0x0000000717000000, 0x0000000717000000| Complete 
| 287|0x0000000717100000, 0x0000000717200000, 0x0000000717200000|100%| E|CS|TAMS 0x0000000717100000, 0x0000000717100000| Complete 
| 288|0x0000000717200000, 0x0000000717300000, 0x0000000717300000|100%| E|CS|TAMS 0x0000000717200000, 0x0000000717200000| Complete 
| 289|0x0000000717300000, 0x0000000717400000, 0x0000000717400000|100%| E|CS|TAMS 0x0000000717300000, 0x0000000717300000| Complete 
| 290|0x0000000717400000, 0x0000000717500000, 0x0000000717500000|100%| E|CS|TAMS 0x0000000717400000, 0x0000000717400000| Complete 
| 291|0x0000000717500000, 0x0000000717600000, 0x0000000717600000|100%| E|CS|TAMS 0x0000000717500000, 0x0000000717500000| Complete 
| 292|0x0000000717600000, 0x0000000717700000, 0x0000000717700000|100%| E|CS|TAMS 0x0000000717600000, 0x0000000717600000| Complete 
| 293|0x0000000717700000, 0x0000000717800000, 0x0000000717800000|100%| E|CS|TAMS 0x0000000717700000, 0x0000000717700000| Complete 
| 294|0x0000000717800000, 0x0000000717900000, 0x0000000717900000|100%| E|CS|TAMS 0x0000000717800000, 0x0000000717800000| Complete 
| 295|0x0000000717900000, 0x0000000717a00000, 0x0000000717a00000|100%| E|CS|TAMS 0x0000000717900000, 0x0000000717900000| Complete 
| 296|0x0000000717a00000, 0x0000000717b00000, 0x0000000717b00000|100%| E|CS|TAMS 0x0000000717a00000, 0x0000000717a00000| Complete 
| 297|0x0000000717b00000, 0x0000000717c00000, 0x0000000717c00000|100%| E|CS|TAMS 0x0000000717b00000, 0x0000000717b00000| Complete 
| 298|0x0000000717c00000, 0x0000000717d00000, 0x0000000717d00000|100%| E|CS|TAMS 0x0000000717c00000, 0x0000000717c00000| Complete 
| 299|0x0000000717d00000, 0x0000000717e00000, 0x0000000717e00000|100%| E|CS|TAMS 0x0000000717d00000, 0x0000000717d00000| Complete 
| 300|0x0000000717e00000, 0x0000000717f00000, 0x0000000717f00000|100%| E|CS|TAMS 0x0000000717e00000, 0x0000000717e00000| Complete 
| 301|0x0000000717f00000, 0x0000000718000000, 0x0000000718000000|100%| E|CS|TAMS 0x0000000717f00000, 0x0000000717f00000| Complete 
| 302|0x0000000718000000, 0x0000000718100000, 0x0000000718100000|100%| E|CS|TAMS 0x0000000718000000, 0x0000000718000000| Complete 

Card table byte_map: [0x000002217ac30000,0x000002217b410000] _byte_map_base: 0x0000022177407000

Marking Bits (Prev, Next): (CMBitMap*) 0x000002217991d7c0, (CMBitMap*) 0x000002217991d788
 Prev Bits: [0x00000221173e0000, 0x000002211b298000)
 Next Bits: [0x000002217bbf0000, 0x000002217faa8000)

Polling page: 0x0000022177840000

Metaspace:

Usage:
  Non-class:     65.35 MB capacity,    64.14 MB ( 98%) used,  1006.19 KB (  2%) free+waste,   228.44 KB ( <1%) overhead. 
      Class:      9.62 MB capacity,     8.90 MB ( 93%) used,   631.00 KB (  6%) free+waste,   106.25 KB (  1%) overhead. 
       Both:     74.97 MB capacity,    73.04 MB ( 97%) used,     1.60 MB (  2%) free+waste,   334.69 KB ( <1%) overhead. 

Virtual space:
  Non-class space:       66.00 MB reserved,      65.41 MB (>99%) committed 
      Class space:        1.00 GB reserved,       9.63 MB ( <1%) committed 
             Both:        1.06 GB reserved,      75.03 MB (  7%) committed 

Chunk freelists:
   Non-Class:  128 bytes
       Class:  768 bytes
        Both:  896 bytes

CodeHeap 'non-profiled nmethods': size=233856Kb used=13181Kb max_used=13181Kb free=220674Kb
 bounds [0x0000022108f80000, 0x0000022109c60000, 0x00000221173e0000]
CodeHeap 'non-nmethods': size=11904Kb used=1372Kb max_used=1372Kb free=10531Kb
 bounds [0x00000221083e0000, 0x0000022108650000, 0x0000022108f80000]
 total_blobs=7700 nmethods=7026 adapters=607
 compilation: enabled
              stopped_count=0, restarted_count=0
 full_count=0

Compilation events (10 events):
Event: 511.954 Thread 0x000002211ea93800 7022   !   1       org.apache.catalina.core.ContainerBase::getRealmInternal (38 bytes)
Event: 511.955 Thread 0x000002211ea93800 nmethod 7022 0x0000022109c5ad10 code [0x0000022109c5af00, 0x0000022109c5b1d8]
Event: 511.955 Thread 0x000002211ea93800 7023   !   1       org.apache.catalina.core.ContainerBase::getClusterInternal (38 bytes)
Event: 511.955 Thread 0x000002211ea93800 nmethod 7023 0x0000022109c5b490 code [0x0000022109c5b680, 0x0000022109c5b958]
Event: 521.957 Thread 0x000002211ea93800 7025   !   1       org.apache.catalina.core.ContainerBase::backgroundProcess (168 bytes)
Event: 521.960 Thread 0x000002211ea93800 nmethod 7025 0x0000022109c5bc10 code [0x0000022109c5bea0, 0x0000022109c5c8a8]
Event: 521.960 Thread 0x000002211ea93800 7024   !   1       org.apache.catalina.core.ContainerBase$ContainerBackgroundProcessor::processChildren (202 bytes)
Event: 521.962 Thread 0x000002211ea93800 nmethod 7024 0x0000022109c5ce90 code [0x0000022109c5d160, 0x0000022109c5dee8]
Event: 521.962 Thread 0x000002211ea93800 7026       1       org.apache.catalina.mapper.MapperListener::lifecycleEvent (178 bytes)
Event: 521.962 Thread 0x000002211ea93800 nmethod 7026 0x0000022109c5e790 code [0x0000022109c5ea00, 0x0000022109c5f208]

GC Heap History (10 events):
Event: 1.220 GC heap before
{Heap before GC invocations=4 (full 0):
 garbage-first heap   total 258048K, used 158068K [0x0000000705200000, 0x0000000800000000)
  region size 1024K, 151 young (154624K), 7 survivors (7168K)
 Metaspace       used 31417K, capacity 32401K, committed 32640K, reserved 1077248K
  class space    used 3758K, capacity 4139K, committed 4224K, reserved 1048576K
}
Event: 1.224 GC heap after
{Heap after GC invocations=5 (full 0):
 garbage-first heap   total 258048K, used 14333K [0x0000000705200000, 0x0000000800000000)
  region size 1024K, 10 young (10240K), 10 survivors (10240K)
 Metaspace       used 31417K, capacity 32401K, committed 32640K, reserved 1077248K
  class space    used 3758K, capacity 4139K, committed 4224K, reserved 1048576K
}
Event: 1.356 GC heap before
{Heap before GC invocations=5 (full 0):
 garbage-first heap   total 258048K, used 53245K [0x0000000705200000, 0x0000000800000000)
  region size 1024K, 49 young (50176K), 10 survivors (10240K)
 Metaspace       used 34390K, capacity 35482K, committed 35628K, reserved 1081344K
  class space    used 4180K, capacity 4636K, committed 4736K, reserved 1048576K
}
Event: 1.363 GC heap after
{Heap after GC invocations=6 (full 0):
 garbage-first heap   total 310272K, used 16485K [0x0000000705200000, 0x0000000800000000)
  region size 1024K, 12 young (12288K), 12 survivors (12288K)
 Metaspace       used 34390K, capacity 35482K, committed 35628K, reserved 1081344K
  class space    used 4180K, capacity 4636K, committed 4736K, reserved 1048576K
}
Event: 1.782 GC heap before
{Heap before GC invocations=7 (full 0):
 garbage-first heap   total 310272K, used 183397K [0x0000000705200000, 0x0000000800000000)
  region size 1024K, 176 young (180224K), 12 survivors (12288K)
 Metaspace       used 44828K, capacity 46247K, committed 46508K, reserved 1089536K
  class space    used 5586K, capacity 6135K, committed 6144K, reserved 1048576K
}
Event: 1.787 GC heap after
{Heap after GC invocations=8 (full 0):
 garbage-first heap   total 310272K, used 19772K [0x0000000705200000, 0x0000000800000000)
  region size 1024K, 15 young (15360K), 15 survivors (15360K)
 Metaspace       used 44828K, capacity 46247K, committed 46508K, reserved 1089536K
  class space    used 5586K, capacity 6135K, committed 6144K, reserved 1048576K
}
Event: 2.222 GC heap before
{Heap before GC invocations=8 (full 0):
 garbage-first heap   total 310272K, used 167228K [0x0000000705200000, 0x0000000800000000)
  region size 1024K, 160 young (163840K), 15 survivors (15360K)
 Metaspace       used 58209K, capacity 59677K, committed 59808K, reserved 1101824K
  class space    used 7301K, capacity 7894K, committed 7936K, reserved 1048576K
}
Event: 2.234 GC heap after
{Heap after GC invocations=9 (full 0):
 garbage-first heap   total 310272K, used 23101K [0x0000000705200000, 0x0000000800000000)
  region size 1024K, 16 young (16384K), 16 survivors (16384K)
 Metaspace       used 58209K, capacity 59677K, committed 59808K, reserved 1101824K
  class space    used 7301K, capacity 7894K, committed 7936K, reserved 1048576K
}
Event: 6.752 GC heap before
{Heap before GC invocations=10 (full 0):
 garbage-first heap   total 310272K, used 192061K [0x0000000705200000, 0x0000000800000000)
  region size 1024K, 181 young (185344K), 16 survivors (16384K)
 Metaspace       used 66596K, capacity 68384K, committed 68512K, reserved 1107968K
  class space    used 8413K, capacity 9127K, committed 9216K, reserved 1048576K
}
Event: 6.759 GC heap after
{Heap after GC invocations=11 (full 0):
 garbage-first heap   total 310272K, used 26514K [0x0000000705200000, 0x0000000800000000)
  region size 1024K, 16 young (16384K), 16 survivors (16384K)
 Metaspace       used 66596K, capacity 68384K, committed 68512K, reserved 1107968K
  class space    used 8413K, capacity 9127K, committed 9216K, reserved 1048576K
}

Deoptimization events (0 events):
No events

Classes redefined (3 events):
Event: 297.793 Thread 0x000002211e16b000 redefined class name=com.oracle.S20220604.controller.jsh.PaymentController, count=1
Event: 437.605 Thread 0x000002211e16b000 redefined class name=com.oracle.S20220604.controller.jsh.PaymentController, count=2
Event: 587.697 Thread 0x000002211e16b000 redefined class name=com.oracle.S20220604.controller.jsh.PaymentController, count=3

Internal exceptions (10 events):
Event: 7.216 Thread 0x00000221227cd800 Exception <a 'java/lang/ClassNotFoundException'{0x0000000711d6f8c8}: javax/servlet/jsp/jstl/core/LoopTagSupport$1StatusBeanInfo> (0x0000000711d6f8c8) thrown at [./open/src/hotspot/share/classfile/systemDictionary.cpp, line 228]
Event: 7.217 Thread 0x00000221227cd800 Exception <a 'java/lang/ClassNotFoundException'{0x0000000711d85058}: javax/servlet/jsp/jstl/core/LoopTagSupport$1StatusCustomizer> (0x0000000711d85058) thrown at [./open/src/hotspot/share/classfile/systemDictionary.cpp, line 228]
Event: 7.217 Thread 0x00000221227cd800 Exception <a 'java/lang/ClassNotFoundException'{0x0000000711da12a0}: com/oracle/S20220604/model/BasketBeanInfo> (0x0000000711da12a0) thrown at [./open/src/hotspot/share/classfile/systemDictionary.cpp, line 228]
Event: 7.218 Thread 0x00000221227cd800 Exception <a 'java/lang/ClassNotFoundException'{0x0000000711db41d0}: com/oracle/S20220604/model/BasketCustomizer> (0x0000000711db41d0) thrown at [./open/src/hotspot/share/classfile/systemDictionary.cpp, line 228]
Event: 7.221 Thread 0x00000221227cd800 Exception <a 'java/lang/ArrayIndexOutOfBoundsException'{0x0000000711c56958}> (0x0000000711c56958) thrown at [./open/src/hotspot/share/runtime/sharedRuntime.cpp, line 606]
Event: 420.608 Thread 0x00000221227d4000 Exception <a 'java/lang/ArrayIndexOutOfBoundsException'{0x0000000711081030}> (0x0000000711081030) thrown at [./open/src/hotspot/share/runtime/sharedRuntime.cpp, line 606]
Event: 420.656 Thread 0x00000221227d4000 Exception <a 'java/lang/ClassNotFoundException'{0x0000000710671a20}: com/oracle/S20220604/model/MemberBeanInfo> (0x0000000710671a20) thrown at [./open/src/hotspot/share/classfile/systemDictionary.cpp, line 228]
Event: 420.657 Thread 0x00000221227d4000 Exception <a 'java/lang/ClassNotFoundException'{0x00000007106849b0}: com/oracle/S20220604/model/MemberCustomizer> (0x00000007106849b0) thrown at [./open/src/hotspot/share/classfile/systemDictionary.cpp, line 228]
Event: 420.660 Thread 0x00000221227d4000 Exception <a 'java/lang/ClassNotFoundException'{0x00000007106b6de8}: com/oracle/S20220604/model/CouponBeanInfo> (0x00000007106b6de8) thrown at [./open/src/hotspot/share/classfile/systemDictionary.cpp, line 228]
Event: 420.660 Thread 0x00000221227d4000 Exception <a 'java/lang/ClassNotFoundException'{0x00000007106c9fd8}: com/oracle/S20220604/model/CouponCustomizer> (0x00000007106c9fd8) thrown at [./open/src/hotspot/share/classfile/systemDictionary.cpp, line 228]

Events (10 events):
Event: 587.856 Executing VM operation: GetCurrentContendedMonitor done
Event: 587.857 Executing VM operation: GetFrameCount
Event: 587.857 Executing VM operation: GetFrameCount done
Event: 587.857 Executing VM operation: GetOwnedMonitorInfo
Event: 587.857 Executing VM operation: GetOwnedMonitorInfo done
Event: 587.857 Executing VM operation: GetCurrentContendedMonitor
Event: 587.857 Executing VM operation: GetCurrentContendedMonitor done
Event: 587.858 Executing VM operation: GetFrameLocation
Event: 587.858 Executing VM operation: GetFrameLocation done
Event: 587.858 Executing VM operation: GetOrSetLocal


Dynamic libraries:
0x00007ff654f50000 - 0x00007ff654f5f000 	C:\Program Files\jdk-11.0.12\bin\javaw.exe
0x00007ffa761e0000 - 0x00007ffa763e9000 	C:\WINDOWS\SYSTEM32\ntdll.dll
0x00007ffa74770000 - 0x00007ffa7482d000 	C:\WINDOWS\System32\KERNEL32.DLL
0x00007ffa73be0000 - 0x00007ffa73f59000 	C:\WINDOWS\System32\KERNELBASE.dll
0x00007ffa73f60000 - 0x00007ffa74071000 	C:\WINDOWS\System32\ucrtbase.dll
0x00007ffa4e2b0000 - 0x00007ffa4e2c8000 	C:\Program Files\jdk-11.0.12\bin\jli.dll
0x00007ffa75180000 - 0x00007ffa7522e000 	C:\WINDOWS\System32\ADVAPI32.dll
0x00007ffa6c5a0000 - 0x00007ffa6c5b5000 	C:\Program Files\jdk-11.0.12\bin\VCRUNTIME140.dll
0x00007ffa743f0000 - 0x00007ffa74493000 	C:\WINDOWS\System32\msvcrt.dll
0x00007ffa75db0000 - 0x00007ffa75e4e000 	C:\WINDOWS\System32\sechost.dll
0x00007ffa74130000 - 0x00007ffa74250000 	C:\WINDOWS\System32\RPCRT4.dll
0x00007ffa75e70000 - 0x00007ffa7601c000 	C:\WINDOWS\System32\USER32.dll
0x00007ffa736d0000 - 0x00007ffa736f6000 	C:\WINDOWS\System32\win32u.dll
0x00007ffa4ff00000 - 0x00007ffa501a5000 	C:\WINDOWS\WinSxS\amd64_microsoft.windows.common-controls_6595b64144ccf1df_6.0.22000.120_none_9d947278b86cc467\COMCTL32.dll
0x00007ffa74350000 - 0x00007ffa74379000 	C:\WINDOWS\System32\GDI32.dll
0x00007ffa73ac0000 - 0x00007ffa73bd2000 	C:\WINDOWS\System32\gdi32full.dll
0x00007ffa739a0000 - 0x00007ffa73a3d000 	C:\WINDOWS\System32\msvcp_win.dll
0x00007ffa68370000 - 0x00007ffa6837a000 	C:\WINDOWS\SYSTEM32\VERSION.dll
0x00007ffa74730000 - 0x00007ffa74761000 	C:\WINDOWS\System32\IMM32.DLL
0x00007ffa5bf80000 - 0x00007ffa5c01b000 	C:\Program Files\jdk-11.0.12\bin\msvcp140.dll
0x00007ffa42ac0000 - 0x00007ffa435bf000 	C:\Program Files\jdk-11.0.12\bin\server\jvm.dll
0x00007ffa745d0000 - 0x00007ffa745d8000 	C:\WINDOWS\System32\PSAPI.DLL
0x00007ffa4e2a0000 - 0x00007ffa4e2a9000 	C:\WINDOWS\SYSTEM32\WSOCK32.dll
0x00007ffa74380000 - 0x00007ffa743ef000 	C:\WINDOWS\System32\WS2_32.dll
0x00007ffa6a630000 - 0x00007ffa6a663000 	C:\WINDOWS\SYSTEM32\WINMM.dll
0x00007ffa728c0000 - 0x00007ffa728d8000 	C:\WINDOWS\SYSTEM32\kernel.appcore.dll
0x00007ffa6c5d0000 - 0x00007ffa6c5e0000 	C:\Program Files\jdk-11.0.12\bin\verify.dll
0x00007ffa70be0000 - 0x00007ffa70e01000 	C:\WINDOWS\SYSTEM32\DBGHELP.DLL
0x00007ffa66cd0000 - 0x00007ffa66d01000 	C:\WINDOWS\SYSTEM32\dbgcore.DLL
0x00007ffa73a40000 - 0x00007ffa73abf000 	C:\WINDOWS\System32\bcryptPrimitives.dll
0x00007ffa4b630000 - 0x00007ffa4b658000 	C:\Program Files\jdk-11.0.12\bin\java.dll
0x00007ffa6c5c0000 - 0x00007ffa6c5ca000 	C:\Program Files\jdk-11.0.12\bin\jimage.dll
0x00007ffa4b6e0000 - 0x00007ffa4b718000 	C:\Program Files\jdk-11.0.12\bin\jdwp.dll
0x00007ffa6b7b0000 - 0x00007ffa6b7be000 	C:\Program Files\jdk-11.0.12\bin\instrument.dll
0x00007ffa4b370000 - 0x00007ffa4b386000 	C:\Program Files\jdk-11.0.12\bin\zip.dll
0x00007ffa749d0000 - 0x00007ffa7517f000 	C:\WINDOWS\System32\SHELL32.dll
0x00007ffa71850000 - 0x00007ffa720b8000 	C:\WINDOWS\SYSTEM32\windows.storage.dll
0x00007ffa75310000 - 0x00007ffa75688000 	C:\WINDOWS\System32\combase.dll
0x00007ffa716e0000 - 0x00007ffa71846000 	C:\WINDOWS\SYSTEM32\wintypes.dll
0x00007ffa745e0000 - 0x00007ffa746ca000 	C:\WINDOWS\System32\SHCORE.dll
0x00007ffa75230000 - 0x00007ffa7528d000 	C:\WINDOWS\System32\shlwapi.dll
0x00007ffa73600000 - 0x00007ffa73621000 	C:\WINDOWS\SYSTEM32\profapi.dll
0x00007ffa6cfe0000 - 0x00007ffa6cfea000 	C:\Program Files\jdk-11.0.12\bin\dt_socket.dll
0x00007ffa72cf0000 - 0x00007ffa72d57000 	C:\WINDOWS\System32\mswsock.dll
0x00007ffa72420000 - 0x00007ffa72508000 	C:\WINDOWS\SYSTEM32\DNSAPI.dll
0x00007ffa723f0000 - 0x00007ffa7241d000 	C:\WINDOWS\SYSTEM32\IPHLPAPI.DLL
0x00007ffa742e0000 - 0x00007ffa742e9000 	C:\WINDOWS\System32\NSI.dll
0x00007ffa69240000 - 0x00007ffa692c1000 	C:\WINDOWS\System32\fwpuclnt.dll
0x00007ffa69230000 - 0x00007ffa6923a000 	C:\Windows\System32\rasadhlp.dll
0x00007ffa4a1e0000 - 0x00007ffa4a1f9000 	C:\Program Files\jdk-11.0.12\bin\net.dll
0x00007ffa6ba30000 - 0x00007ffa6bb3c000 	C:\WINDOWS\SYSTEM32\WINHTTP.dll
0x00007ffa49cb0000 - 0x00007ffa49cc2000 	C:\Program Files\jdk-11.0.12\bin\nio.dll
0x00007ffa6c600000 - 0x00007ffa6c609000 	C:\Program Files\jdk-11.0.12\bin\management.dll
0x00007ffa6c4e0000 - 0x00007ffa6c4eb000 	C:\Program Files\jdk-11.0.12\bin\management_ext.dll
0x00007ffa4c3a0000 - 0x00007ffa4c3b7000 	C:\WINDOWS\system32\napinsp.dll
0x00007ffa4c6b0000 - 0x00007ffa4c6cb000 	C:\WINDOWS\system32\pnrpnsp.dll
0x00007ffa4c660000 - 0x00007ffa4c672000 	C:\WINDOWS\System32\winrnr.dll
0x00007ffa6a610000 - 0x00007ffa6a625000 	C:\WINDOWS\system32\wshbth.dll
0x00007ffa4c640000 - 0x00007ffa4c65f000 	C:\WINDOWS\system32\nlansp_c.dll
0x00007ffa72f30000 - 0x00007ffa72f48000 	C:\WINDOWS\SYSTEM32\CRYPTSP.dll
0x00007ffa72820000 - 0x00007ffa72855000 	C:\WINDOWS\system32\rsaenh.dll
0x00007ffa72de0000 - 0x00007ffa72e09000 	C:\WINDOWS\SYSTEM32\USERENV.dll
0x00007ffa730b0000 - 0x00007ffa730d7000 	C:\WINDOWS\SYSTEM32\bcrypt.dll
0x00007ffa72f50000 - 0x00007ffa72f5c000 	C:\WINDOWS\SYSTEM32\CRYPTBASE.dll
0x00007ffa6a6a0000 - 0x00007ffa6a6b9000 	C:\WINDOWS\SYSTEM32\dhcpcsvc6.DLL
0x00007ffa6a5d0000 - 0x00007ffa6a5ee000 	C:\WINDOWS\SYSTEM32\dhcpcsvc.DLL
0x00007ffa4b720000 - 0x00007ffa4b745000 	C:\Program Files\jdk-11.0.12\bin\sunec.dll
0x00007ffa6c5e0000 - 0x00007ffa6c5ed000 	C:\Program Files\jdk-11.0.12\bin\sunmscapi.dll
0x00007ffa73830000 - 0x00007ffa73992000 	C:\WINDOWS\System32\CRYPT32.dll
0x00007ffa73080000 - 0x00007ffa730a8000 	C:\WINDOWS\SYSTEM32\ncrypt.dll
0x00007ffa73040000 - 0x00007ffa73077000 	C:\WINDOWS\SYSTEM32\NTASN1.dll

dbghelp: loaded successfully - version: 4.0.5 - missing functions: none
symbol engine: initialized successfully - sym options: 0x614 - pdb path: .;C:\Program Files\jdk-11.0.12\bin;C:\WINDOWS\SYSTEM32;C:\WINDOWS\WinSxS\amd64_microsoft.windows.common-controls_6595b64144ccf1df_6.0.22000.120_none_9d947278b86cc467;C:\Program Files\jdk-11.0.12\bin\server

VM Arguments:
jvm_args: -agentlib:jdwp=transport=dt_socket,suspend=y,address=localhost:6428 -Dcom.sun.management.jmxremote -Dcom.sun.management.jmxremote.port=6426 -Dcom.sun.management.jmxremote.authenticate=false -Dcom.sun.management.jmxremote.ssl=false -Djava.rmi.server.hostname=localhost -Dspring.jmx.enabled=true -Dspring.liveBeansView.mbeanDomain -Dspring.application.admin.enabled=true -Xverify:none -XX:TieredStopAtLevel=1 -Dspring.boot.project.name=S202200604 -javaagent:C:\spring\sts3.9.14\sts-bundle\sts-3.9.14.RELEASE\configuration\org.eclipse.osgi\310\0\.cp\lib\javaagent-shaded.jar -Dfile.encoding=UTF-8 
java_command: com.oracle.S20220604.S20220604Application --spring.output.ansi.enabled=always
java_class_path (initial): C:\Users\seano\git\S202200604\target\classes;C:\Users\seano\.m2\repository\com\github\scribejava\scribejava-core\2.8.1\scribejava-core-2.8.1.jar;C:\Users\seano\.m2\repository\javax\servlet\jstl\1.2\jstl-1.2.jar;C:\Users\seano\.m2\repository\org\apache\tomcat\embed\tomcat-embed-jasper\9.0.63\tomcat-embed-jasper-9.0.63.jar;C:\Users\seano\.m2\repository\org\apache\tomcat\embed\tomcat-embed-core\9.0.63\tomcat-embed-core-9.0.63.jar;C:\Users\seano\.m2\repository\org\apache\tomcat\tomcat-annotations-api\9.0.63\tomcat-annotations-api-9.0.63.jar;C:\Users\seano\.m2\repository\org\apache\tomcat\embed\tomcat-embed-el\9.0.63\tomcat-embed-el-9.0.63.jar;C:\Users\seano\.m2\repository\org\eclipse\jdt\ecj\3.18.0\ecj-3.18.0.jar;C:\Users\seano\.m2\repository\org\springframework\boot\spring-boot-starter-data-jpa\2.7.0\spring-boot-starter-data-jpa-2.7.0.jar;C:\Users\seano\.m2\repository\org\springframework\boot\spring-boot-starter-aop\2.7.0\spring-boot-starter-aop-2.7.0.jar;C:\Users\seano\.m2\repository\org\springframework\spring-aop\5.3.20\spring-aop-5.3.20.jar;C:\Users\seano\.m2\repository\org\aspectj\aspectjweaver\1.9.7\aspectjweaver-1.9.7.jar;C:\Users\seano\.m2\repository\org\springframework\boot\spring-boot-starter-jdbc\2.7.0\spring-boot-starter-jdbc-2.7.0.jar;C:\Users\seano\.m2\repository\com\zaxxer\HikariCP\4.0.3\HikariCP-4.0.3.jar;C:\Users\seano\.m2\repository\org\springframework\spring-jdbc\5.3.20\spring-jdbc-5.3.20.jar;C:\Users\seano\.m2\repository\jakarta\transaction\jakarta.transaction-api\1.3.3\jakarta.transaction-api-1.3.3.jar;C:\Users\seano\.m2\repository\jakarta\persistence\jakarta.persistence-api\2.2.3\jakarta.persistence-api-2.2.3.jar;C:\Users\seano\.m2\repository\org\hibernate\hibernate-core\5.6.9.Final\hibernate-core-5.6.9.Final.jar;C:\Users\seano\.m2\repository\org\jboss\logging\jboss-logging\3.4.3.Final\jboss-logging-3.4.3.Final.jar;C:\Users\seano\.m2\repository\net\bytebuddy\byte-buddy\1.12.10\byte-buddy-1.12.10.jar;C:\Users\seano\.m2\r
Launcher Type: SUN_STANDARD

[Global flags]
     bool BytecodeVerificationLocal                = false                                     {product} {command line}
     bool BytecodeVerificationRemote               = false                                     {product} {command line}
     intx CICompilerCount                          = 12                                        {product} {ergonomic}
     uint ConcGCThreads                            = 4                                         {product} {ergonomic}
     uint G1ConcRefinementThreads                  = 15                                        {product} {ergonomic}
   size_t G1HeapRegionSize                         = 1048576                                   {product} {ergonomic}
    uintx GCDrainStackTargetSize                   = 64                                        {product} {ergonomic}
   size_t InitialHeapSize                          = 264241152                                 {product} {ergonomic}
     bool ManagementServer                         = true                                      {product} {command line}
   size_t MarkStackSize                            = 4194304                                   {product} {ergonomic}
   size_t MaxHeapSize                              = 4208984064                                {product} {ergonomic}
   size_t MaxNewSize                               = 2524971008                                {product} {ergonomic}
   size_t MinHeapDeltaBytes                        = 1048576                                   {product} {ergonomic}
    uintx NonNMethodCodeHeapSize                   = 12163472                               {pd product} {ergonomic}
    uintx NonProfiledCodeHeapSize                  = 239494768                              {pd product} {ergonomic}
    uintx ProfiledCodeHeapSize                     = 0                                      {pd product} {ergonomic}
    uintx ReservedCodeCacheSize                    = 251658240                              {pd product} {ergonomic}
     bool SegmentedCodeCache                       = true                                      {product} {ergonomic}
     intx TieredStopAtLevel                        = 1                                         {product} {command line}
     bool UseCompressedClassPointers               = true                                 {lp64_product} {ergonomic}
     bool UseCompressedOops                        = true                                 {lp64_product} {ergonomic}
     bool UseG1GC                                  = true                                      {product} {ergonomic}
     bool UseLargePagesIndividualAllocation        = false                                  {pd product} {ergonomic}

Logging:
Log output configuration:
 #0: stdout all=warning uptime,level,tags
 #1: stderr all=off uptime,level,tags

Environment Variables:
JAVA_HOME=C:\Program Files\jdk-11.0.12
PATH=C:/Program Files/jdk-11.0.12/bin/server;C:/Program Files/jdk-11.0.12/bin;C:\oraclexe\app\oracle\product\11.2.0\server\bin;;C:\Windows\system32;C:\Windows;C:\Windows\System32\Wbem;C:\Windows\System32\WindowsPowerShell\v1.0\;C:\Windows\System32\OpenSSH\;C:\Program Files (x86)\NVIDIA Corporation\PhysX\Common;C:\Program Files\NVIDIA Corporation\NVIDIA NvDLISR;C:\WINDOWS\system32;C:\WINDOWS;C:\WINDOWS\System32\Wbem;C:\WINDOWS\System32\WindowsPowerShell\v1.0\;C:\WINDOWS\System32\OpenSSH\;C:\Program Files\Bandizip\;C:\Program Files\jdk-11.0.12\bin\;C:\Users\seano\AppData\Local\Microsoft\WindowsApps;;C:\spring\sts3.9.14\sts-bundle\sts-3.9.14.RELEASE;
USERNAME=seano
OS=Windows_NT
PROCESSOR_IDENTIFIER=Intel64 Family 6 Model 154 Stepping 3, GenuineIntel



---------------  S Y S T E M  ---------------

OS: Windows 10 , 64 bit Build 22000 (10.0.22000.675)

CPU:total 20 (initial active 20) (10 cores per cpu, 2 threads per core) family 6 model 154 stepping 3 microcode 0x413, cmov, cx8, fxsr, mmx, sse, sse2, sse3, ssse3, sse4.1, sse4.2, popcnt, avx, avx2, aes, clmul, erms, 3dnowpref, lzcnt, ht, tsc, tscinvbit, bmi1, bmi2, adx, sha, fma

Memory: 4k page, system-wide physical 16052M (2115M free)
TotalPageFile size 33214M (AvailPageFile size 4389M)
current process WorkingSet (physical memory assigned to process): 386M, peak: 387M
current process commit charge ("private bytes"): 524M, peak: 525M

vm_info: Java HotSpot(TM) 64-Bit Server VM (11.0.12+8-LTS-237) for windows-amd64 JRE (11.0.12+8-LTS-237), built on Jun  8 2021 11:25:59 by "mach5one" with MS VC++ 15.9 (VS2017)

END.
